<?xml version="1.0" encoding="UTF-8"?>
<!-- Generated by org.testng.reporters.JUnitReportReporter -->
<testsuite hostname="DESKTOP-73VT5SL" failures="0" tests="4" name="smoke_Suite.ALC_4871_new" time="339.685" errors="0" timestamp="2024-06-13T20:19:17 IST" skipped="0">
  <testcase classname="smoke_Suite.ALC_4871_new" name="preconditions" time="42.498"/>
  <testcase classname="smoke_Suite.ALC_4871_new" name="gCashTransaction" time="169.893"/>
  <testcase classname="smoke_Suite.ALC_4871_new" name="checktokens" time="44.739"/>
  <testcase classname="smoke_Suite.ALC_4871_new" name="checkforunverifiednum" time="82.555"/>
</testsuite> <!-- smoke_Suite.ALC_4871_new -->
