<?xml version="1.0" encoding="UTF-8"?>
<!-- Generated by org.testng.reporters.JUnitReportReporter -->
<testsuite hostname="DESKTOP-73VT5SL" failures="0" tests="6" name="smoke_Suite.ALC_4358" time="940.169" errors="0" timestamp="2024-06-12T14:37:27 IST" skipped="0">
  <testcase classname="smoke_Suite.ALC_4358" name="createSplitBranchAndAddMember" time="425.997"/>
  <testcase classname="smoke_Suite.ALC_4358" name="disableBranchInApp" time="257.833"/>
  <testcase classname="smoke_Suite.ALC_4358" name="createNonSplitBranchAndProcessor" time="22.486"/>
  <testcase classname="smoke_Suite.ALC_4358" name="transaction_SplitBranch_NormalBranch" time="81.885"/>
  <testcase classname="smoke_Suite.ALC_4358" name="verifyInAlchemy" time="58.029"/>
  <testcase classname="smoke_Suite.ALC_4358" name="transactionProcessorBranch" time="93.939"/>
</testsuite> <!-- smoke_Suite.ALC_4358 -->
