<?xml version="1.0" encoding="UTF-8"?>
<!-- Generated by org.testng.reporters.JUnitReportReporter -->
<testsuite hostname="DESKTOP-73VT5SL" failures="0" tests="3" name="smoke_Suite.ALC_4957" time="271.094" errors="0" timestamp="2023-12-28T12:20:51 IST" skipped="0">
  <testcase classname="smoke_Suite.ALC_4957" name="getmonthlyss" time="113.527"/>
  <testcase classname="smoke_Suite.ALC_4957" name="createtransaction" time="38.689"/>
  <testcase classname="smoke_Suite.ALC_4957" name="getmonthlyss2" time="118.878"/>
</testsuite> <!-- smoke_Suite.ALC_4957 -->
