<?xml version="1.0" encoding="UTF-8"?>
<!-- Generated by org.testng.reporters.JUnitReportReporter -->
<testsuite hostname="DESKTOP-73VT5SL" failures="0" tests="18" name="smoke_Suite.ALC_1711" time="1083.662" errors="0" timestamp="2024-06-13T16:36:30 IST" skipped="0">
  <testcase classname="smoke_Suite.ALC_1711" name="createAndPerformTransaction" time="60.086"/>
  <testcase classname="smoke_Suite.ALC_1711" name="kgRecycledAndBonusInBranchExcHistoryBeforeVoid" time="129.483"/>
  <testcase classname="smoke_Suite.ALC_1711" name="dashBoardVerificationsBeforeVoid" time="46.765"/>
  <testcase classname="smoke_Suite.ALC_1711" name="bonusOrderExcHisVerificationBeforeVoid" time="58.985"/>
  <testcase classname="smoke_Suite.ALC_1711" name="ExcHisBonusVerificationBeforeVoid" time="65.164"/>
  <testcase classname="smoke_Suite.ALC_1711" name="approveBonus" time="44.245"/>
  <testcase classname="smoke_Suite.ALC_1711" name="verifyBonusInAlchmeyAfterBonusPaid" time="27.533"/>
  <testcase classname="smoke_Suite.ALC_1711" name="verifyBonusInAppAfterBonusPaid" time="132.849"/>
  <testcase classname="smoke_Suite.ALC_1711" name="voidTransaction" time="15.276"/>
  <testcase classname="smoke_Suite.ALC_1711" name="kgRecycledInBranchAfterVoid" time="103.206"/>
  <testcase classname="smoke_Suite.ALC_1711" name="dashBoardVerificationsAfterVoid" time="79.810"/>
  <testcase classname="smoke_Suite.ALC_1711" name="bonusOrderExcHisVerificationAfterVoid" time="44.143"/>
  <testcase classname="smoke_Suite.ALC_1711" name="bonusProgressInSummaryTabAfterVoid" time="21.090"/>
  <testcase classname="smoke_Suite.ALC_1711" name="reclaimToken" time="14.080"/>
  <testcase classname="smoke_Suite.ALC_1711" name="verifyBonusInAppAfterReclaimToken" time="133.753"/>
  <testcase classname="smoke_Suite.ALC_1711" name="verifyBonusInAlchmeyAfterReclaimToken" time="26.139"/>
  <testcase classname="smoke_Suite.ALC_1711" name="bonusExchangeHistoryTransaction" time="13.923"/>
  <testcase classname="smoke_Suite.ALC_1711" name="branchExchangeHistoryBonus" time="67.132"/>
</testsuite> <!-- smoke_Suite.ALC_1711 -->
