<?xml version="1.0" encoding="UTF-8"?>
<!-- Generated by org.testng.reporters.JUnitReportReporter -->
<testsuite hostname="DESKTOP-73VT5SL" failures="0" tests="10" name="smoke_Suite.ALC_4351" time="1097.496" errors="0" timestamp="2024-06-12T13:06:40 IST" skipped="0">
  <testcase classname="smoke_Suite.ALC_4351" name="openRegisterdBranchInApp" time="382.208"/>
  <testcase classname="smoke_Suite.ALC_4351" name="branchVerifyAndEdit" time="45.803"/>
  <testcase classname="smoke_Suite.ALC_4351" name="verifyEditInApp" time="46.222"/>
  <testcase classname="smoke_Suite.ALC_4351" name="suspendBranch" time="92.934"/>
  <testcase classname="smoke_Suite.ALC_4351" name="verifySuspendedAccount" time="66.466"/>
  <testcase classname="smoke_Suite.ALC_4351" name="signupasbranchdirectly" time="232.965"/>
  <testcase classname="smoke_Suite.ALC_4351" name="direct_branchVerifyAndEdit" time="35.685"/>
  <testcase classname="smoke_Suite.ALC_4351" name="verifyEditInAppagain" time="37.551"/>
  <testcase classname="smoke_Suite.ALC_4351" name="suspendBranchagain" time="95.281"/>
  <testcase classname="smoke_Suite.ALC_4351" name="verifySuspendedAccountsecondtime" time="62.381"/>
</testsuite> <!-- smoke_Suite.ALC_4351 -->
