<?xml version="1.0" encoding="UTF-8"?>
<!-- Generated by org.testng.reporters.JUnitReportReporter -->
<testsuite hostname="DESKTOP-73VT5SL" failures="0" tests="6" name="smoke_Suite.ALC_4354" time="514.319" errors="0" timestamp="2024-06-12T13:30:54 IST" skipped="0">
  <testcase classname="smoke_Suite.ALC_4354" name="createProcessor" time="79.348"/>
  <testcase classname="smoke_Suite.ALC_4354" name="seacrchAndEditProcessorInAlchmey" time="32.694"/>
  <testcase classname="smoke_Suite.ALC_4354" name="VerifyInApp" time="43.776"/>
  <testcase classname="smoke_Suite.ALC_4354" name="createprocessorfromsignuppage" time="295.749"/>
  <testcase classname="smoke_Suite.ALC_4354" name="edit" time="21.461"/>
  <testcase classname="smoke_Suite.ALC_4354" name="check" time="41.291"/>
</testsuite> <!-- smoke_Suite.ALC_4354 -->
