<?xml version="1.0" encoding="UTF-8"?>
<!-- Generated by org.testng.reporters.JUnitReportReporter -->
<testsuite hostname="DESKTOP-73VT5SL" failures="0" tests="6" name="smoke_Suite.ALC_4354" time="511.258" errors="0" timestamp="2024-06-05T17:02:23 IST" skipped="0">
  <testcase classname="smoke_Suite.ALC_4354" name="createProcessor" time="74.810"/>
  <testcase classname="smoke_Suite.ALC_4354" name="seacrchAndEditProcessorInAlchmey" time="32.323"/>
  <testcase classname="smoke_Suite.ALC_4354" name="VerifyInApp" time="46.089"/>
  <testcase classname="smoke_Suite.ALC_4354" name="createprocessorfromsignuppage" time="293.999"/>
  <testcase classname="smoke_Suite.ALC_4354" name="edit" time="23.213"/>
  <testcase classname="smoke_Suite.ALC_4354" name="check" time="40.824"/>
</testsuite> <!-- smoke_Suite.ALC_4354 -->
