<?xml version="1.0" encoding="UTF-8"?>
<!-- Generated by org.testng.reporters.JUnitReportReporter -->
<testsuite hostname="DESKTOP-73VT5SL" failures="0" tests="4" name="smoke_Suite.ALC_3710" time="333.464" errors="0" timestamp="2024-06-03T14:00:04 IST" skipped="0">
  <testcase classname="smoke_Suite.ALC_3710" name="preconditions" time="38.656"/>
  <testcase classname="smoke_Suite.ALC_3710" name="gojekTransaction" time="105.391"/>
  <testcase classname="smoke_Suite.ALC_3710" name="checktokens" time="120.398"/>
  <testcase classname="smoke_Suite.ALC_3710" name="checkforunverifiednum" time="69.019"/>
</testsuite> <!-- smoke_Suite.ALC_3710 -->
