<?xml version="1.0" encoding="UTF-8"?>
<!-- Generated by org.testng.reporters.JUnitReportReporter -->
<testsuite hostname="DESKTOP-73VT5SL" failures="0" tests="4" name="smoke_Suite.ALC_3609" time="177.487" errors="0" timestamp="2024-06-13T17:04:29 IST" skipped="0">
  <testcase classname="smoke_Suite.ALC_3609" name="preconditions" time="60.878"/>
  <testcase classname="smoke_Suite.ALC_3609" name="gojekTransaction" time="37.224"/>
  <testcase classname="smoke_Suite.ALC_3609" name="verifyTokensInApp" time="35.487"/>
  <testcase classname="smoke_Suite.ALC_3609" name="verifyTokensInAlchemy" time="43.898"/>
</testsuite> <!-- smoke_Suite.ALC_3609 -->
