<?xml version="1.0" encoding="UTF-8"?>
<!-- Generated by org.testng.reporters.JUnitReportReporter -->
<testsuite hostname="DESKTOP-73VT5SL" failures="0" tests="7" name="smoke_Suite.ALC_4360" time="165.294" errors="0" timestamp="2024-05-13T17:15:15 IST" skipped="5">
  <testcase classname="smoke_Suite.ALC_4360" name="makeTransaction" time="81.750"/>
  <testcase classname="smoke_Suite.ALC_4360" name="verifyKgRecycledAndDelayedBonus" time="83.544"/>
  <testcase classname="smoke_Suite.ALC_4360" name="verifyBuySellRemovedBonusInBonusOrderSummary">
    <skipped/>
  </testcase> <!-- verifyBuySellRemovedBonusInBonusOrderSummary -->
  <testcase classname="smoke_Suite.ALC_4360" name="verifyBuySellTransactionInBonusOrder">
    <skipped/>
  </testcase> <!-- verifyBuySellTransactionInBonusOrder -->
  <testcase classname="smoke_Suite.ALC_4360" name="delayedBonusRemovedInApp">
    <skipped/>
  </testcase> <!-- delayedBonusRemovedInApp -->
  <testcase classname="smoke_Suite.ALC_4360" name="disablebonusAndVerifyExchangeHistory">
    <skipped/>
  </testcase> <!-- disablebonusAndVerifyExchangeHistory -->
  <testcase classname="smoke_Suite.ALC_4360" name="verifyDelayedBonusInApp">
    <skipped/>
  </testcase> <!-- verifyDelayedBonusInApp -->
</testsuite> <!-- smoke_Suite.ALC_4360 -->
