<?xml version="1.0" encoding="UTF-8"?>
<!-- Generated by org.testng.reporters.JUnitReportReporter -->
<testsuite hostname="DESKTOP-73VT5SL" failures="0" tests="4" name="smoke_Suite.ALC_347" time="142.928" errors="0" timestamp="2024-06-05T15:50:40 IST" skipped="0">
  <testcase classname="smoke_Suite.ALC_347" name="create_a_member_with_tokens" time="50.052"/>
  <testcase classname="smoke_Suite.ALC_347" name="verify_tokens_present_in_app" time="41.051"/>
  <testcase classname="smoke_Suite.ALC_347" name="reclaim_tokens_on_alchemy" time="2.838"/>
  <testcase classname="smoke_Suite.ALC_347" name="verify_tokens_not_present_in_app" time="48.987"/>
</testsuite> <!-- smoke_Suite.ALC_347 -->
