<?xml version="1.0" encoding="UTF-8"?>
<!-- Generated by org.testng.reporters.JUnitReportReporter -->
<testsuite hostname="DESKTOP-73VT5SL" failures="0" tests="18" name="smoke_Suite.ALC_1711" time="1128.322" errors="0" timestamp="2024-06-05T15:39:17 IST" skipped="0">
  <testcase classname="smoke_Suite.ALC_1711" name="createAndPerformTransaction" time="46.928"/>
  <testcase classname="smoke_Suite.ALC_1711" name="kgRecycledAndBonusInBranchExcHistoryBeforeVoid" time="137.962"/>
  <testcase classname="smoke_Suite.ALC_1711" name="dashBoardVerificationsBeforeVoid" time="46.743"/>
  <testcase classname="smoke_Suite.ALC_1711" name="bonusOrderExcHisVerificationBeforeVoid" time="54.707"/>
  <testcase classname="smoke_Suite.ALC_1711" name="ExcHisBonusVerificationBeforeVoid" time="74.168"/>
  <testcase classname="smoke_Suite.ALC_1711" name="approveBonus" time="44.931"/>
  <testcase classname="smoke_Suite.ALC_1711" name="verifyBonusInAlchmeyAfterBonusPaid" time="27.850"/>
  <testcase classname="smoke_Suite.ALC_1711" name="verifyBonusInAppAfterBonusPaid" time="140.259"/>
  <testcase classname="smoke_Suite.ALC_1711" name="voidTransaction" time="13.598"/>
  <testcase classname="smoke_Suite.ALC_1711" name="kgRecycledInBranchAfterVoid" time="106.816"/>
  <testcase classname="smoke_Suite.ALC_1711" name="dashBoardVerificationsAfterVoid" time="79.942"/>
  <testcase classname="smoke_Suite.ALC_1711" name="bonusOrderExcHisVerificationAfterVoid" time="44.736"/>
  <testcase classname="smoke_Suite.ALC_1711" name="bonusProgressInSummaryTabAfterVoid" time="15.632"/>
  <testcase classname="smoke_Suite.ALC_1711" name="reclaimToken" time="15.577"/>
  <testcase classname="smoke_Suite.ALC_1711" name="verifyBonusInAppAfterReclaimToken" time="135.910"/>
  <testcase classname="smoke_Suite.ALC_1711" name="verifyBonusInAlchmeyAfterReclaimToken" time="39.066"/>
  <testcase classname="smoke_Suite.ALC_1711" name="bonusExchangeHistoryTransaction" time="14.636"/>
  <testcase classname="smoke_Suite.ALC_1711" name="branchExchangeHistoryBonus" time="88.861"/>
</testsuite> <!-- smoke_Suite.ALC_1711 -->
