<?xml version="1.0" encoding="UTF-8"?>
<!-- Generated by org.testng.reporters.JUnitReportReporter -->
<testsuite hostname="DESKTOP-73VT5SL" failures="0" tests="2" name="smoke_Suite.ALC_4348" time="454.654" errors="0" timestamp="2024-06-13T17:20:55 IST" skipped="0">
  <testcase classname="smoke_Suite.ALC_4348" name="verifyUserCanNot" time="238.364"/>
  <testcase classname="smoke_Suite.ALC_4348" name="verifyUserCanAfter3Min" time="216.290"/>
</testsuite> <!-- smoke_Suite.ALC_4348 -->
