<?xml version="1.0" encoding="UTF-8"?>
<!-- Generated by org.testng.reporters.JUnitReportReporter -->
<testsuite hostname="DESKTOP-73VT5SL" failures="0" tests="7" name="smoke_Suite.ALC_4360" time="751.396" errors="0" timestamp="2024-06-17T17:42:47 IST" skipped="0">
  <testcase classname="smoke_Suite.ALC_4360" name="makeTransaction" time="195.393"/>
  <testcase classname="smoke_Suite.ALC_4360" name="verifyKgRecycledAndDelayedBonus" time="168.247"/>
  <testcase classname="smoke_Suite.ALC_4360" name="verifyDelayedBonusInApp" time="140.295"/>
  <testcase classname="smoke_Suite.ALC_4360" name="verifyBuySellTransactionInBonusOrder" time="54.081"/>
  <testcase classname="smoke_Suite.ALC_4360" name="disablebonusAndVerifyExchangeHistory" time="39.093"/>
  <testcase classname="smoke_Suite.ALC_4360" name="verifyBuySellRemovedBonusInBonusOrderSummary" time="21.620"/>
  <testcase classname="smoke_Suite.ALC_4360" name="delayedBonusRemovedInApp" time="132.667"/>
</testsuite> <!-- smoke_Suite.ALC_4360 -->
