<?xml version="1.0" encoding="UTF-8"?>
<!-- Generated by org.testng.reporters.JUnitReportReporter -->
<testsuite hostname="DESKTOP-73VT5SL" failures="0" tests="6" name="smoke_Suite.ALC_4354" time="540.631" errors="0" timestamp="2024-06-13T18:41:31 IST" skipped="0">
  <testcase classname="smoke_Suite.ALC_4354" name="createProcessor" time="91.438"/>
  <testcase classname="smoke_Suite.ALC_4354" name="seacrchAndEditProcessorInAlchmey" time="45.311"/>
  <testcase classname="smoke_Suite.ALC_4354" name="VerifyInApp" time="45.002"/>
  <testcase classname="smoke_Suite.ALC_4354" name="createprocessorfromsignuppage" time="295.879"/>
  <testcase classname="smoke_Suite.ALC_4354" name="edit" time="21.218"/>
  <testcase classname="smoke_Suite.ALC_4354" name="check" time="41.783"/>
</testsuite> <!-- smoke_Suite.ALC_4354 -->
