<?xml version="1.0" encoding="UTF-8"?>
<!-- Generated by org.testng.reporters.JUnitReportReporter -->
<testsuite hostname="DESKTOP-73VT5SL" failures="0" tests="2" name="smoke_Suite.ALC_4366" time="338.350" errors="0" timestamp="2024-06-05T18:43:35 IST" skipped="0">
  <testcase classname="smoke_Suite.ALC_4366" name="tokenTransferAndVerifyInOrdersData" time="286.941"/>
  <testcase classname="smoke_Suite.ALC_4366" name="verifyTransferTokenOnApp" time="51.409"/>
</testsuite> <!-- smoke_Suite.ALC_4366 -->
