<?xml version="1.0" encoding="UTF-8"?>
<!-- Generated by org.testng.reporters.JUnitReportReporter -->
<testsuite hostname="DESKTOP-73VT5SL" failures="0" tests="5" name="smoke_Suite.ALC_258" time="438.059" errors="0" timestamp="2024-06-13T16:44:39 IST" skipped="0">
  <testcase classname="smoke_Suite.ALC_258" name="createdata" time="32.042"/>
  <testcase classname="smoke_Suite.ALC_258" name="checkalchemy" time="35.613"/>
  <testcase classname="smoke_Suite.ALC_258" name="dotransactions" time="160.581"/>
  <testcase classname="smoke_Suite.ALC_258" name="selltoprocessor" time="140.738"/>
  <testcase classname="smoke_Suite.ALC_258" name="verifytransactions" time="69.085"/>
</testsuite> <!-- smoke_Suite.ALC_258 -->
