<?xml version="1.0" encoding="UTF-8"?>
<!-- Generated by org.testng.reporters.JUnitReportReporter -->
<testsuite hostname="DESKTOP-73VT5SL" failures="0" tests="5" name="smoke_Suite.ALC_4995" time="127.794" errors="0" timestamp="2024-06-13T20:21:59 IST" skipped="0">
  <testcase classname="smoke_Suite.ALC_4995" name="createstore" time="8.365"/>
  <testcase classname="smoke_Suite.ALC_4995" name="sendtokenstobranch" time="24.774"/>
  <testcase classname="smoke_Suite.ALC_4995" name="verifytokensinapp" time="41.257"/>
  <testcase classname="smoke_Suite.ALC_4995" name="reclaimtokens" time="2.198"/>
  <testcase classname="smoke_Suite.ALC_4995" name="verifytokensnotinapp" time="51.200"/>
</testsuite> <!-- smoke_Suite.ALC_4995 -->
