<?xml version="1.0" encoding="UTF-8"?>
<!-- Generated by org.testng.reporters.JUnitReportReporter -->
<testsuite hostname="DESKTOP-73VT5SL" failures="0" tests="6" name="smoke_Suite.ALC_4358" time="726.407" errors="0" timestamp="2024-06-13T19:33:08 IST" skipped="0">
  <testcase classname="smoke_Suite.ALC_4358" name="createSplitBranchAndAddMember" time="424.296"/>
  <testcase classname="smoke_Suite.ALC_4358" name="disableBranchInApp" time="38.319"/>
  <testcase classname="smoke_Suite.ALC_4358" name="createNonSplitBranchAndProcessor" time="21.909"/>
  <testcase classname="smoke_Suite.ALC_4358" name="transaction_SplitBranch_NormalBranch" time="81.171"/>
  <testcase classname="smoke_Suite.ALC_4358" name="verifyInAlchemy" time="65.881"/>
  <testcase classname="smoke_Suite.ALC_4358" name="transactionProcessorBranch" time="94.831"/>
</testsuite> <!-- smoke_Suite.ALC_4358 -->
