<?xml version="1.0" encoding="UTF-8"?>
<!-- Generated by org.testng.reporters.JUnitReportReporter -->
<testsuite hostname="DESKTOP-73VT5SL" failures="0" tests="16" name="smoke_Suite.ALC_4357" time="1932.872" errors="0" timestamp="2024-06-05T17:36:08 IST" skipped="0">
  <testcase classname="smoke_Suite.ALC_4357" name="member_Branch1_Transaction_KG_Bonus_App_Assertion" time="247.274"/>
  <testcase classname="smoke_Suite.ALC_4357" name="member_Branch1_Transaction_KG_Bonus_Alchmey_Assertion" time="106.776"/>
  <testcase classname="smoke_Suite.ALC_4357" name="Branch1_Branch2_Transaction_App_Assertions" time="131.809"/>
  <testcase classname="smoke_Suite.ALC_4357" name="Branch1_Branch3_Transaction" time="125.779"/>
  <testcase classname="smoke_Suite.ALC_4357" name="Branch2_Processor_Transaction" time="131.092"/>
  <testcase classname="smoke_Suite.ALC_4357" name="Branch3_Processor_Transaction" time="141.231"/>
  <testcase classname="smoke_Suite.ALC_4357" name="Verify_Bonus_Branch1" time="136.900"/>
  <testcase classname="smoke_Suite.ALC_4357" name="Verify_Bonus_Branch2" time="75.932"/>
  <testcase classname="smoke_Suite.ALC_4357" name="Verify_Bonus_Branch3" time="75.959"/>
  <testcase classname="smoke_Suite.ALC_4357" name="Verify_Bonus_Processor" time="38.056"/>
  <testcase classname="smoke_Suite.ALC_4357" name="Plastic_Chain_Before_Approval" time="56.244"/>
  <testcase classname="smoke_Suite.ALC_4357" name="VerifyBonusOrderRecieptBranchAssertions" time="175.693"/>
  <testcase classname="smoke_Suite.ALC_4357" name="VerifyBonusOrderBranchValueAssertions" time="73.634"/>
  <testcase classname="smoke_Suite.ALC_4357" name="BonusTransferedCheck" time="170.100"/>
  <testcase classname="smoke_Suite.ALC_4357" name="Plastic_Chain_After_Approval" time="43.508"/>
  <testcase classname="smoke_Suite.ALC_4357" name="checkBonusTransferedInApp" time="202.885"/>
</testsuite> <!-- smoke_Suite.ALC_4357 -->
