<?xml version="1.0" encoding="UTF-8"?>
<!-- Generated by org.testng.reporters.JUnitReportReporter -->
<testsuite hostname="DESKTOP-73VT5SL" failures="0" tests="5" name="smoke_Suite.ALC_348" time="179.244" errors="0" timestamp="2024-06-13T16:51:34 IST" skipped="0">
  <testcase classname="smoke_Suite.ALC_348" name="createbranch" time="12.642"/>
  <testcase classname="smoke_Suite.ALC_348" name="sendtokenstobranch" time="37.291"/>
  <testcase classname="smoke_Suite.ALC_348" name="verifytokensinapp" time="77.829"/>
  <testcase classname="smoke_Suite.ALC_348" name="reclaimtokens" time="3.245"/>
  <testcase classname="smoke_Suite.ALC_348" name="verifytokensnotinapp" time="48.237"/>
</testsuite> <!-- smoke_Suite.ALC_348 -->
