<?xml version="1.0" encoding="UTF-8"?>
<!-- Generated by org.testng.reporters.JUnitReportReporter -->
<testsuite hostname="DESKTOP-73VT5SL" failures="0" tests="9" name="smoke_Suite.ALC_4350" time="583.181" errors="0" timestamp="2024-06-12T12:47:37 IST" skipped="0">
  <testcase classname="smoke_Suite.ALC_4350" name="signUp" time="196.042"/>
  <testcase classname="smoke_Suite.ALC_4350" name="loginAlchmey" time="9.563"/>
  <testcase classname="smoke_Suite.ALC_4350" name="VerifyMemberAlchmey" time="42.068"/>
  <testcase classname="smoke_Suite.ALC_4350" name="createBranchAndMember" time="142.960"/>
  <testcase classname="smoke_Suite.ALC_4350" name="EditMemberDetails" time="37.798"/>
  <testcase classname="smoke_Suite.ALC_4350" name="loginBranchMemberPB" time="49.714"/>
  <testcase classname="smoke_Suite.ALC_4350" name="suspendMemberALC" time="32.137"/>
  <testcase classname="smoke_Suite.ALC_4350" name="memberSuspendVerify" time="33.376"/>
  <testcase classname="smoke_Suite.ALC_4350" name="branchSuspendMemberVerification" time="39.523"/>
</testsuite> <!-- smoke_Suite.ALC_4350 -->
