<?xml version="1.0" encoding="UTF-8"?>
<!-- Generated by org.testng.reporters.JUnitReportReporter -->
<testsuite hostname="DESKTOP-73VT5SL" failures="0" tests="5" name="smoke_Suite.ALC_258" time="432.024" errors="0" timestamp="2024-06-05T15:47:23 IST" skipped="0">
  <testcase classname="smoke_Suite.ALC_258" name="createdata" time="32.594"/>
  <testcase classname="smoke_Suite.ALC_258" name="checkalchemy" time="31.199"/>
  <testcase classname="smoke_Suite.ALC_258" name="dotransactions" time="163.334"/>
  <testcase classname="smoke_Suite.ALC_258" name="selltoprocessor" time="137.898"/>
  <testcase classname="smoke_Suite.ALC_258" name="verifytransactions" time="66.999"/>
</testsuite> <!-- smoke_Suite.ALC_258 -->
