<?xml version="1.0" encoding="UTF-8"?>
<!-- Generated by org.testng.reporters.JUnitReportReporter -->
<testsuite hostname="DESKTOP-73VT5SL" failures="0" tests="3" name="smoke_Suite.ALC_4361" time="274.144" errors="0" timestamp="2024-06-12T15:07:14 IST" skipped="0">
  <testcase classname="smoke_Suite.ALC_4361" name="createdata" time="20.222"/>
  <testcase classname="smoke_Suite.ALC_4361" name="doTransactions" time="115.830"/>
  <testcase classname="smoke_Suite.ALC_4361" name="verifyNoBonusForDonations" time="138.092"/>
</testsuite> <!-- smoke_Suite.ALC_4361 -->
