<?xml version="1.0" encoding="UTF-8"?>
<!-- Generated by org.testng.reporters.JUnitReportReporter -->
<testsuite hostname="DESKTOP-73VT5SL" failures="0" tests="9" name="smoke_Suite.ALC_4350" time="629.437" errors="0" timestamp="2024-06-13T18:08:43 IST" skipped="0">
  <testcase classname="smoke_Suite.ALC_4350" name="signUp" time="201.982"/>
  <testcase classname="smoke_Suite.ALC_4350" name="loginAlchmey" time="10.546"/>
  <testcase classname="smoke_Suite.ALC_4350" name="VerifyMemberAlchmey" time="46.306"/>
  <testcase classname="smoke_Suite.ALC_4350" name="createBranchAndMember" time="146.610"/>
  <testcase classname="smoke_Suite.ALC_4350" name="EditMemberDetails" time="38.351"/>
  <testcase classname="smoke_Suite.ALC_4350" name="loginBranchMemberPB" time="50.410"/>
  <testcase classname="smoke_Suite.ALC_4350" name="suspendMemberALC" time="32.735"/>
  <testcase classname="smoke_Suite.ALC_4350" name="memberSuspendVerify" time="34.595"/>
  <testcase classname="smoke_Suite.ALC_4350" name="branchSuspendMemberVerification" time="67.902"/>
</testsuite> <!-- smoke_Suite.ALC_4350 -->
