<?xml version="1.0" encoding="UTF-8"?>
<!-- Generated by org.testng.reporters.JUnitReportReporter -->
<testsuite hostname="DESKTOP-73VT5SL" failures="0" tests="4" name="smoke_Suite.ALC_4359" time="481.126" errors="0" timestamp="2024-06-14T16:24:37 IST" skipped="0">
  <testcase classname="smoke_Suite.ALC_4359" name="dataCreation" time="66.707"/>
  <testcase classname="smoke_Suite.ALC_4359" name="editMemberUncheckBonus" time="38.174"/>
  <testcase classname="smoke_Suite.ALC_4359" name="verifyBonusPlasticBankWithBranch" time="224.793"/>
  <testcase classname="smoke_Suite.ALC_4359" name="verifyBonusPlasticBankWithProcessor" time="151.452"/>
</testsuite> <!-- smoke_Suite.ALC_4359 -->
