<?xml version="1.0" encoding="UTF-8"?>
<!-- Generated by org.testng.reporters.JUnitReportReporter -->
<testsuite hostname="DESKTOP-73VT5SL" failures="0" tests="3" name="smoke_Suite.ALC_4956" time="80.804" errors="0" timestamp="2024-06-14T12:16:23 IST" skipped="0">
  <testcase classname="smoke_Suite.ALC_4956" name="createmember" time="8.672"/>
  <testcase classname="smoke_Suite.ALC_4956" name="loginWithNewPassword" time="30.949"/>
  <testcase classname="smoke_Suite.ALC_4956" name="changepassword" time="41.183"/>
</testsuite> <!-- smoke_Suite.ALC_4956 -->
