<?xml version="1.0" encoding="UTF-8"?>
<!-- Generated by org.testng.reporters.JUnitReportReporter -->
<testsuite hostname="DESKTOP-73VT5SL" failures="0" tests="16" name="smoke_Suite.ALC_4357" time="1915.071" errors="0" timestamp="2024-06-12T14:03:27 IST" skipped="0">
  <testcase classname="smoke_Suite.ALC_4357" name="member_Branch1_Transaction_KG_Bonus_App_Assertion" time="225.007"/>
  <testcase classname="smoke_Suite.ALC_4357" name="member_Branch1_Transaction_KG_Bonus_Alchmey_Assertion" time="102.247"/>
  <testcase classname="smoke_Suite.ALC_4357" name="Branch1_Branch2_Transaction_App_Assertions" time="119.948"/>
  <testcase classname="smoke_Suite.ALC_4357" name="Branch1_Branch3_Transaction" time="120.699"/>
  <testcase classname="smoke_Suite.ALC_4357" name="Branch2_Processor_Transaction" time="121.052"/>
  <testcase classname="smoke_Suite.ALC_4357" name="Branch3_Processor_Transaction" time="132.404"/>
  <testcase classname="smoke_Suite.ALC_4357" name="Verify_Bonus_Branch1" time="134.833"/>
  <testcase classname="smoke_Suite.ALC_4357" name="Verify_Bonus_Branch2" time="82.876"/>
  <testcase classname="smoke_Suite.ALC_4357" name="Verify_Bonus_Branch3" time="87.516"/>
  <testcase classname="smoke_Suite.ALC_4357" name="Verify_Bonus_Processor" time="33.810"/>
  <testcase classname="smoke_Suite.ALC_4357" name="Plastic_Chain_Before_Approval" time="41.400"/>
  <testcase classname="smoke_Suite.ALC_4357" name="VerifyBonusOrderRecieptBranchAssertions" time="176.106"/>
  <testcase classname="smoke_Suite.ALC_4357" name="VerifyBonusOrderBranchValueAssertions" time="73.148"/>
  <testcase classname="smoke_Suite.ALC_4357" name="BonusTransferedCheck" time="169.075"/>
  <testcase classname="smoke_Suite.ALC_4357" name="Plastic_Chain_After_Approval" time="39.307"/>
  <testcase classname="smoke_Suite.ALC_4357" name="checkBonusTransferedInApp" time="255.643"/>
</testsuite> <!-- smoke_Suite.ALC_4357 -->
