<?xml version="1.0" encoding="UTF-8"?>
<!-- Generated by org.testng.reporters.JUnitReportReporter -->
<testsuite hostname="DESKTOP-73VT5SL" failures="0" tests="3" name="smoke_Suite.ALC_4361" time="258.290" errors="0" timestamp="2024-06-05T19:40:18 IST" skipped="0">
  <testcase classname="smoke_Suite.ALC_4361" name="createdata" time="16.851"/>
  <testcase classname="smoke_Suite.ALC_4361" name="doTransactions" time="110.632"/>
  <testcase classname="smoke_Suite.ALC_4361" name="verifyNoBonusForDonations" time="130.807"/>
</testsuite> <!-- smoke_Suite.ALC_4361 -->
