<?xml version="1.0" encoding="UTF-8"?>
<!-- Generated by org.testng.reporters.JUnitReportReporter -->
<testsuite hostname="DESKTOP-73VT5SL" failures="0" tests="2" name="smoke_Suite.ALC_4365" time="287.905" errors="0" timestamp="2024-06-05T18:36:17 IST" skipped="0">
  <testcase classname="smoke_Suite.ALC_4365" name="createNewBonusAndSuspendedBonus" time="165.145"/>
  <testcase classname="smoke_Suite.ALC_4365" name="verifyTransactionStoppedBonus" time="122.760"/>
</testsuite> <!-- smoke_Suite.ALC_4365 -->
