<?xml version="1.0" encoding="UTF-8"?>
<!-- Generated by org.testng.reporters.JUnitReportReporter -->
<testsuite hostname="DESKTOP-73VT5SL" failures="0" tests="4" name="smoke_Suite.ALC_3710" time="342.291" errors="0" timestamp="2024-06-12T12:25:06 IST" skipped="0">
  <testcase classname="smoke_Suite.ALC_3710" name="preconditions" time="45.717"/>
  <testcase classname="smoke_Suite.ALC_3710" name="gojekTransaction" time="101.763"/>
  <testcase classname="smoke_Suite.ALC_3710" name="checktokens" time="126.668"/>
  <testcase classname="smoke_Suite.ALC_3710" name="checkforunverifiednum" time="68.143"/>
</testsuite> <!-- smoke_Suite.ALC_3710 -->
