<?xml version="1.0" encoding="UTF-8"?>
<!-- Generated by org.testng.reporters.JUnitReportReporter -->
<testsuite hostname="DESKTOP-73VT5SL" failures="0" tests="9" name="smoke_Suite.ALC_4350" time="585.631" errors="0" timestamp="2024-06-05T16:37:34 IST" skipped="0">
  <testcase classname="smoke_Suite.ALC_4350" name="signUp" time="196.263"/>
  <testcase classname="smoke_Suite.ALC_4350" name="loginAlchmey" time="9.988"/>
  <testcase classname="smoke_Suite.ALC_4350" name="VerifyMemberAlchmey" time="39.676"/>
  <testcase classname="smoke_Suite.ALC_4350" name="createBranchAndMember" time="145.750"/>
  <testcase classname="smoke_Suite.ALC_4350" name="EditMemberDetails" time="37.800"/>
  <testcase classname="smoke_Suite.ALC_4350" name="loginBranchMemberPB" time="50.042"/>
  <testcase classname="smoke_Suite.ALC_4350" name="suspendMemberALC" time="32.568"/>
  <testcase classname="smoke_Suite.ALC_4350" name="memberSuspendVerify" time="33.679"/>
  <testcase classname="smoke_Suite.ALC_4350" name="branchSuspendMemberVerification" time="39.865"/>
</testsuite> <!-- smoke_Suite.ALC_4350 -->
