<?xml version="1.0" encoding="UTF-8"?>
<!-- Generated by org.testng.reporters.JUnitReportReporter -->
<testsuite hostname="DESKTOP-73VT5SL" failures="0" tests="4" name="smoke_Suite.ALC_3609" time="141.634" errors="0" timestamp="2024-06-12T12:18:55 IST" skipped="0">
  <testcase classname="smoke_Suite.ALC_3609" name="preconditions" time="47.010"/>
  <testcase classname="smoke_Suite.ALC_3609" name="gojekTransaction" time="35.012"/>
  <testcase classname="smoke_Suite.ALC_3609" name="verifyTokensInApp" time="34.929"/>
  <testcase classname="smoke_Suite.ALC_3609" name="verifyTokensInAlchemy" time="24.683"/>
</testsuite> <!-- smoke_Suite.ALC_3609 -->
