<?xml version="1.0" encoding="UTF-8"?>
<!-- Generated by org.testng.reporters.JUnitReportReporter -->
<testsuite hostname="DESKTOP-73VT5SL" failures="0" tests="5" name="smoke_Suite.ALC_348" time="148.021" errors="0" timestamp="2024-06-12T12:14:14 IST" skipped="0">
  <testcase classname="smoke_Suite.ALC_348" name="createbranch" time="13.615"/>
  <testcase classname="smoke_Suite.ALC_348" name="sendtokenstobranch" time="35.221"/>
  <testcase classname="smoke_Suite.ALC_348" name="verifytokensinapp" time="47.052"/>
  <testcase classname="smoke_Suite.ALC_348" name="reclaimtokens" time="3.675"/>
  <testcase classname="smoke_Suite.ALC_348" name="verifytokensnotinapp" time="48.458"/>
</testsuite> <!-- smoke_Suite.ALC_348 -->
