<?xml version="1.0" encoding="UTF-8"?>
<!-- Generated by org.testng.reporters.JUnitReportReporter -->
<testsuite hostname="DESKTOP-73VT5SL" failures="0" tests="5" name="smoke_Suite.ALC_4995" time="138.893" errors="0" timestamp="2024-06-12T16:20:37 IST" skipped="0">
  <testcase classname="smoke_Suite.ALC_4995" name="createstore" time="10.470"/>
  <testcase classname="smoke_Suite.ALC_4995" name="sendtokenstobranch" time="29.820"/>
  <testcase classname="smoke_Suite.ALC_4995" name="verifytokensinapp" time="43.406"/>
  <testcase classname="smoke_Suite.ALC_4995" name="reclaimtokens" time="3.245"/>
  <testcase classname="smoke_Suite.ALC_4995" name="verifytokensnotinapp" time="51.952"/>
</testsuite> <!-- smoke_Suite.ALC_4995 -->
