<?xml version="1.0" encoding="UTF-8"?>
<!-- Generated by org.testng.reporters.JUnitReportReporter -->
<testsuite hostname="DESKTOP-73VT5SL" failures="0" tests="16" name="smoke_Suite.ALC_4357" time="1911.804" errors="0" timestamp="2024-06-13T19:14:11 IST" skipped="0">
  <testcase classname="smoke_Suite.ALC_4357" name="member_Branch1_Transaction_KG_Bonus_App_Assertion" time="238.283"/>
  <testcase classname="smoke_Suite.ALC_4357" name="member_Branch1_Transaction_KG_Bonus_Alchmey_Assertion" time="108.033"/>
  <testcase classname="smoke_Suite.ALC_4357" name="Branch1_Branch2_Transaction_App_Assertions" time="128.595"/>
  <testcase classname="smoke_Suite.ALC_4357" name="Branch1_Branch3_Transaction" time="129.226"/>
  <testcase classname="smoke_Suite.ALC_4357" name="Branch2_Processor_Transaction" time="130.112"/>
  <testcase classname="smoke_Suite.ALC_4357" name="Branch3_Processor_Transaction" time="138.484"/>
  <testcase classname="smoke_Suite.ALC_4357" name="Verify_Bonus_Branch1" time="133.666"/>
  <testcase classname="smoke_Suite.ALC_4357" name="Verify_Bonus_Branch2" time="80.378"/>
  <testcase classname="smoke_Suite.ALC_4357" name="Verify_Bonus_Branch3" time="79.452"/>
  <testcase classname="smoke_Suite.ALC_4357" name="Verify_Bonus_Processor" time="39.084"/>
  <testcase classname="smoke_Suite.ALC_4357" name="Plastic_Chain_Before_Approval" time="41.551"/>
  <testcase classname="smoke_Suite.ALC_4357" name="VerifyBonusOrderRecieptBranchAssertions" time="179.899"/>
  <testcase classname="smoke_Suite.ALC_4357" name="VerifyBonusOrderBranchValueAssertions" time="72.338"/>
  <testcase classname="smoke_Suite.ALC_4357" name="BonusTransferedCheck" time="170.093"/>
  <testcase classname="smoke_Suite.ALC_4357" name="Plastic_Chain_After_Approval" time="43.070"/>
  <testcase classname="smoke_Suite.ALC_4357" name="checkBonusTransferedInApp" time="199.540"/>
</testsuite> <!-- smoke_Suite.ALC_4357 -->
