<?xml version="1.0" encoding="UTF-8"?>
<!-- Generated by org.testng.reporters.JUnitReportReporter -->
<testsuite hostname="DESKTOP-73VT5SL" failures="0" tests="2" name="smoke_Suite.ALC_4355" time="52.702" errors="0" timestamp="2024-01-08T14:50:24 IST" skipped="0">
  <testcase classname="smoke_Suite.ALC_4355" name="createBonus" time="48.697"/>
  <testcase classname="smoke_Suite.ALC_4355" name="editbonus" time="4.005"/>
</testsuite> <!-- smoke_Suite.ALC_4355 -->
