<?xml version="1.0" encoding="UTF-8"?>
<!-- Generated by org.testng.reporters.JUnitReportReporter -->
<testsuite hostname="DESKTOP-73VT5SL" failures="0" tests="5" name="smoke_Suite.ALC_348" time="146.251" errors="0" timestamp="2024-06-05T15:54:08 IST" skipped="0">
  <testcase classname="smoke_Suite.ALC_348" name="createbranch" time="12.852"/>
  <testcase classname="smoke_Suite.ALC_348" name="sendtokenstobranch" time="31.540"/>
  <testcase classname="smoke_Suite.ALC_348" name="verifytokensinapp" time="47.731"/>
  <testcase classname="smoke_Suite.ALC_348" name="reclaimtokens" time="3.247"/>
  <testcase classname="smoke_Suite.ALC_348" name="verifytokensnotinapp" time="50.881"/>
</testsuite> <!-- smoke_Suite.ALC_348 -->
