<?xml version="1.0" encoding="UTF-8"?>
<!-- Generated by org.testng.reporters.JUnitReportReporter -->
<testsuite hostname="DESKTOP-73VT5SL" failures="0" tests="4" name="smoke_Suite.ALC_347" time="142.600" errors="0" timestamp="2024-06-12T12:11:20 IST" skipped="0">
  <testcase classname="smoke_Suite.ALC_347" name="create_a_member_with_tokens" time="51.648"/>
  <testcase classname="smoke_Suite.ALC_347" name="verify_tokens_present_in_app" time="39.456"/>
  <testcase classname="smoke_Suite.ALC_347" name="reclaim_tokens_on_alchemy" time="2.995"/>
  <testcase classname="smoke_Suite.ALC_347" name="verify_tokens_not_present_in_app" time="48.501"/>
</testsuite> <!-- smoke_Suite.ALC_347 -->
