<?xml version="1.0" encoding="UTF-8"?>
<!-- Generated by org.testng.reporters.JUnitReportReporter -->
<testsuite hostname="DESKTOP-73VT5SL" failures="0" tests="3" name="smoke_Suite.ALC_4361" time="252.176" errors="0" timestamp="2024-06-13T20:26:49 IST" skipped="0">
  <testcase classname="smoke_Suite.ALC_4361" name="createdata" time="18.025"/>
  <testcase classname="smoke_Suite.ALC_4361" name="doTransactions" time="109.626"/>
  <testcase classname="smoke_Suite.ALC_4361" name="verifyNoBonusForDonations" time="124.525"/>
</testsuite> <!-- smoke_Suite.ALC_4361 -->
