<?xml version="1.0" encoding="UTF-8"?>
<!-- Generated by org.testng.reporters.JUnitReportReporter -->
<testsuite hostname="DESKTOP-73VT5SL" failures="0" tests="10" name="smoke_Suite.ALC_4351" time="790.006" errors="0" timestamp="2024-06-13T18:22:40 IST" skipped="0">
  <testcase classname="smoke_Suite.ALC_4351" name="openRegisterdBranchInApp" time="129.707"/>
  <testcase classname="smoke_Suite.ALC_4351" name="branchVerifyAndEdit" time="45.446"/>
  <testcase classname="smoke_Suite.ALC_4351" name="verifyEditInApp" time="49.491"/>
  <testcase classname="smoke_Suite.ALC_4351" name="suspendBranch" time="94.081"/>
  <testcase classname="smoke_Suite.ALC_4351" name="verifySuspendedAccount" time="64.316"/>
  <testcase classname="smoke_Suite.ALC_4351" name="signupasbranchdirectly" time="174.893"/>
  <testcase classname="smoke_Suite.ALC_4351" name="direct_branchVerifyAndEdit" time="32.446"/>
  <testcase classname="smoke_Suite.ALC_4351" name="verifyEditInAppagain" time="40.863"/>
  <testcase classname="smoke_Suite.ALC_4351" name="suspendBranchagain" time="92.893"/>
  <testcase classname="smoke_Suite.ALC_4351" name="verifySuspendedAccountsecondtime" time="65.870"/>
</testsuite> <!-- smoke_Suite.ALC_4351 -->
