<?xml version="1.0" encoding="UTF-8"?>
<!-- Generated by org.testng.reporters.JUnitReportReporter -->
<testsuite hostname="DESKTOP-73VT5SL" failures="0" tests="5" name="smoke_Suite.ALC_258" time="422.840" errors="0" timestamp="2024-06-12T11:47:18 IST" skipped="0">
  <testcase classname="smoke_Suite.ALC_258" name="createdata" time="30.824"/>
  <testcase classname="smoke_Suite.ALC_258" name="checkalchemy" time="35.060"/>
  <testcase classname="smoke_Suite.ALC_258" name="dotransactions" time="156.661"/>
  <testcase classname="smoke_Suite.ALC_258" name="selltoprocessor" time="128.498"/>
  <testcase classname="smoke_Suite.ALC_258" name="verifytransactions" time="71.797"/>
</testsuite> <!-- smoke_Suite.ALC_258 -->
