<?xml version="1.0" encoding="UTF-8"?>
<!-- Generated by org.testng.reporters.JUnitReportReporter -->
<testsuite hostname="DESKTOP-73VT5SL" failures="0" tests="4" name="smoke_Suite.ALC_3609" time="153.593" errors="0" timestamp="2024-06-05T16:16:25 IST" skipped="0">
  <testcase classname="smoke_Suite.ALC_3609" name="preconditions" time="53.989"/>
  <testcase classname="smoke_Suite.ALC_3609" name="gojekTransaction" time="39.711"/>
  <testcase classname="smoke_Suite.ALC_3609" name="verifyTokensInApp" time="36.243"/>
  <testcase classname="smoke_Suite.ALC_3609" name="verifyTokensInAlchemy" time="23.650"/>
</testsuite> <!-- smoke_Suite.ALC_3609 -->
