<?xml version="1.0" encoding="UTF-8"?>
<!-- Generated by org.testng.reporters.JUnitReportReporter -->
<testsuite hostname="DESKTOP-73VT5SL" failures="0" tests="4" name="smoke_Suite.ALC_4871_new" time="303.078" errors="0" timestamp="2024-06-05T18:54:11 IST" skipped="0">
  <testcase classname="smoke_Suite.ALC_4871_new" name="preconditions" time="38.211"/>
  <testcase classname="smoke_Suite.ALC_4871_new" name="gCashTransaction" time="169.550"/>
  <testcase classname="smoke_Suite.ALC_4871_new" name="checktokens" time="27.402"/>
  <testcase classname="smoke_Suite.ALC_4871_new" name="checkforunverifiednum" time="67.915"/>
</testsuite> <!-- smoke_Suite.ALC_4871_new -->
