<?xml version="1.0" encoding="UTF-8"?>
<!-- Generated by org.testng.reporters.JUnitReportReporter -->
<testsuite hostname="DESKTOP-73VT5SL" failures="0" tests="4" name="smoke_Suite.ALC_3710" time="401.462" errors="0" timestamp="2024-06-13T17:11:58 IST" skipped="0">
  <testcase classname="smoke_Suite.ALC_3710" name="preconditions" time="44.816"/>
  <testcase classname="smoke_Suite.ALC_3710" name="gojekTransaction" time="102.536"/>
  <testcase classname="smoke_Suite.ALC_3710" name="checktokens" time="179.628"/>
  <testcase classname="smoke_Suite.ALC_3710" name="checkforunverifiednum" time="74.482"/>
</testsuite> <!-- smoke_Suite.ALC_3710 -->
