<?xml version="1.0" encoding="UTF-8"?>
<!-- Generated by org.testng.reporters.JUnitReportReporter -->
<testsuite hostname="DESKTOP-73VT5SL" failures="0" tests="18" name="smoke_Suite.ALC_1711" time="1116.234" errors="0" timestamp="2024-06-12T11:39:38 IST" skipped="0">
  <testcase classname="smoke_Suite.ALC_1711" name="createAndPerformTransaction" time="53.093"/>
  <testcase classname="smoke_Suite.ALC_1711" name="kgRecycledAndBonusInBranchExcHistoryBeforeVoid" time="130.664"/>
  <testcase classname="smoke_Suite.ALC_1711" name="dashBoardVerificationsBeforeVoid" time="46.749"/>
  <testcase classname="smoke_Suite.ALC_1711" name="bonusOrderExcHisVerificationBeforeVoid" time="52.895"/>
  <testcase classname="smoke_Suite.ALC_1711" name="ExcHisBonusVerificationBeforeVoid" time="73.145"/>
  <testcase classname="smoke_Suite.ALC_1711" name="approveBonus" time="46.043"/>
  <testcase classname="smoke_Suite.ALC_1711" name="verifyBonusInAlchmeyAfterBonusPaid" time="29.637"/>
  <testcase classname="smoke_Suite.ALC_1711" name="verifyBonusInAppAfterBonusPaid" time="129.194"/>
  <testcase classname="smoke_Suite.ALC_1711" name="voidTransaction" time="15.672"/>
  <testcase classname="smoke_Suite.ALC_1711" name="kgRecycledInBranchAfterVoid" time="115.384"/>
  <testcase classname="smoke_Suite.ALC_1711" name="dashBoardVerificationsAfterVoid" time="80.506"/>
  <testcase classname="smoke_Suite.ALC_1711" name="bonusOrderExcHisVerificationAfterVoid" time="44.247"/>
  <testcase classname="smoke_Suite.ALC_1711" name="bonusProgressInSummaryTabAfterVoid" time="22.855"/>
  <testcase classname="smoke_Suite.ALC_1711" name="reclaimToken" time="15.368"/>
  <testcase classname="smoke_Suite.ALC_1711" name="verifyBonusInAppAfterReclaimToken" time="129.980"/>
  <testcase classname="smoke_Suite.ALC_1711" name="verifyBonusInAlchmeyAfterReclaimToken" time="38.412"/>
  <testcase classname="smoke_Suite.ALC_1711" name="bonusExchangeHistoryTransaction" time="14.337"/>
  <testcase classname="smoke_Suite.ALC_1711" name="branchExchangeHistoryBonus" time="78.053"/>
</testsuite> <!-- smoke_Suite.ALC_1711 -->
