<?xml version="1.0" encoding="UTF-8"?>
<!-- Generated by org.testng.reporters.JUnitReportReporter -->
<testsuite hostname="DESKTOP-73VT5SL" failures="0" tests="6" name="smoke_Suite.ALC_4358" time="737.392" errors="0" timestamp="2024-06-05T19:34:19 IST" skipped="0">
  <testcase classname="smoke_Suite.ALC_4358" name="createSplitBranchAndAddMember" time="439.683"/>
  <testcase classname="smoke_Suite.ALC_4358" name="disableBranchInApp" time="39.306"/>
  <testcase classname="smoke_Suite.ALC_4358" name="createNonSplitBranchAndProcessor" time="17.605"/>
  <testcase classname="smoke_Suite.ALC_4358" name="transaction_SplitBranch_NormalBranch" time="82.227"/>
  <testcase classname="smoke_Suite.ALC_4358" name="verifyInAlchemy" time="62.973"/>
  <testcase classname="smoke_Suite.ALC_4358" name="transactionProcessorBranch" time="95.598"/>
</testsuite> <!-- smoke_Suite.ALC_4358 -->
