<?xml version="1.0" encoding="UTF-8"?>
<!-- Generated by org.testng.reporters.JUnitReportReporter -->
<testsuite hostname="DESKTOP-73VT5SL" failures="0" tests="5" name="smoke_Suite.ALC_4995" time="138.741" errors="0" timestamp="2024-06-05T18:57:10 IST" skipped="0">
  <testcase classname="smoke_Suite.ALC_4995" name="createstore" time="10.549"/>
  <testcase classname="smoke_Suite.ALC_4995" name="sendtokenstobranch" time="31.138"/>
  <testcase classname="smoke_Suite.ALC_4995" name="verifytokensinapp" time="42.667"/>
  <testcase classname="smoke_Suite.ALC_4995" name="reclaimtokens" time="2.535"/>
  <testcase classname="smoke_Suite.ALC_4995" name="verifytokensnotinapp" time="51.852"/>
</testsuite> <!-- smoke_Suite.ALC_4995 -->
