<?xml version="1.0" encoding="UTF-8"?>
<!-- Generated by org.testng.reporters.JUnitReportReporter -->
<testsuite hostname="DESKTOP-73VT5SL" failures="0" tests="1" name="smoke_Suite.ALC_4349" time="46.518" errors="0" timestamp="2024-06-12T12:37:02 IST" skipped="0">
  <testcase classname="smoke_Suite.ALC_4349" name="verifypasswordcriteria" time="46.518"/>
</testsuite> <!-- smoke_Suite.ALC_4349 -->
