<?xml version="1.0" encoding="UTF-8"?>
<!-- Generated by org.testng.reporters.JUnitReportReporter -->
<testsuite hostname="DESKTOP-73VT5SL" failures="0" tests="10" name="smoke_Suite.ALC_4351" time="852.824" errors="0" timestamp="2024-06-05T16:52:49 IST" skipped="0">
  <testcase classname="smoke_Suite.ALC_4351" name="openRegisterdBranchInApp" time="131.836"/>
  <testcase classname="smoke_Suite.ALC_4351" name="branchVerifyAndEdit" time="49.293"/>
  <testcase classname="smoke_Suite.ALC_4351" name="verifyEditInApp" time="47.266"/>
  <testcase classname="smoke_Suite.ALC_4351" name="suspendBranch" time="92.919"/>
  <testcase classname="smoke_Suite.ALC_4351" name="verifySuspendedAccount" time="69.965"/>
  <testcase classname="smoke_Suite.ALC_4351" name="signupasbranchdirectly" time="234.457"/>
  <testcase classname="smoke_Suite.ALC_4351" name="direct_branchVerifyAndEdit" time="32.990"/>
  <testcase classname="smoke_Suite.ALC_4351" name="verifyEditInAppagain" time="39.537"/>
  <testcase classname="smoke_Suite.ALC_4351" name="suspendBranchagain" time="88.949"/>
  <testcase classname="smoke_Suite.ALC_4351" name="verifySuspendedAccountsecondtime" time="65.612"/>
</testsuite> <!-- smoke_Suite.ALC_4351 -->
