<?xml version="1.0" encoding="UTF-8"?>
<!-- Generated by org.testng.reporters.JUnitReportReporter -->
<testsuite hostname="DESKTOP-73VT5SL" failures="0" tests="2" name="smoke_Suite.ALC_4365" time="280.024" errors="0" timestamp="2024-06-13T20:02:13 IST" skipped="0">
  <testcase classname="smoke_Suite.ALC_4365" name="createNewBonusAndSuspendedBonus" time="157.020"/>
  <testcase classname="smoke_Suite.ALC_4365" name="verifyTransactionStoppedBonus" time="123.004"/>
</testsuite> <!-- smoke_Suite.ALC_4365 -->
