<?xml version="1.0" encoding="UTF-8"?>
<!-- Generated by org.testng.reporters.JUnitReportReporter -->
<testsuite hostname="DESKTOP-73VT5SL" failures="0" tests="2" name="smoke_Suite.ALC_4366" time="406.752" errors="0" timestamp="2024-06-13T20:09:38 IST" skipped="0">
  <testcase classname="smoke_Suite.ALC_4366" name="tokenTransferAndVerifyInOrdersData" time="354.167"/>
  <testcase classname="smoke_Suite.ALC_4366" name="verifyTransferTokenOnApp" time="52.585"/>
</testsuite> <!-- smoke_Suite.ALC_4366 -->
