<?xml version="1.0" encoding="UTF-8"?>
<!-- Generated by org.testng.reporters.JUnitReportReporter -->
<testsuite hostname="DESKTOP-73VT5SL" failures="0" tests="3" name="smoke_Suite.ALC_4957" time="338.865" errors="0" timestamp="2024-01-04T12:29:18 IST" skipped="0">
  <testcase classname="smoke_Suite.ALC_4957" name="getmonthlyss" time="142.683"/>
  <testcase classname="smoke_Suite.ALC_4957" name="createtransaction" time="42.419"/>
  <testcase classname="smoke_Suite.ALC_4957" name="getmonthlyss2" time="153.763"/>
</testsuite> <!-- smoke_Suite.ALC_4957 -->
