<?xml version="1.0" encoding="UTF-8"?>
<!-- Generated by org.testng.reporters.JUnitReportReporter -->
<testsuite hostname="DESKTOP-73VT5SL" failures="0" tests="3" name="smoke_Suite.ALC_4871_new" time="125.194" errors="0" timestamp="2024-03-01T16:15:27 IST" skipped="0">
  <testcase classname="smoke_Suite.ALC_4871_new" name="preconditions" time="37.597"/>
  <testcase classname="smoke_Suite.ALC_4871_new" name="gCashTransaction" time="68.056"/>
  <testcase classname="smoke_Suite.ALC_4871_new" name="checktokens" time="19.541"/>
</testsuite> <!-- smoke_Suite.ALC_4871_new -->
