<?xml version="1.0" encoding="UTF-8"?>
<!-- Generated by org.testng.reporters.JUnitReportReporter -->
<testsuite hostname="DESKTOP-73VT5SL" failures="0" tests="5" name="smoke_Suite.ALC_4995" time="168.112" errors="0" timestamp="2024-01-04T12:33:31 IST" skipped="0">
  <testcase classname="smoke_Suite.ALC_4995" name="createstore" time="9.581"/>
  <testcase classname="smoke_Suite.ALC_4995" name="sendtokenstobranch" time="27.642"/>
  <testcase classname="smoke_Suite.ALC_4995" name="verifytokensinapp" time="35.509"/>
  <testcase classname="smoke_Suite.ALC_4995" name="reclaimtokens" time="56.566"/>
  <testcase classname="smoke_Suite.ALC_4995" name="verifytokensnotinapp" time="38.814"/>
</testsuite> <!-- smoke_Suite.ALC_4995 -->
