<?xml version="1.0" encoding="UTF-8"?>
<!-- Generated by org.testng.reporters.JUnitReportReporter -->
<testsuite hostname="DESKTOP-73VT5SL" failures="0" tests="5" name="smoke_Suite.ALC_258" time="459.650" errors="0" timestamp="2024-04-11T16:18:27 IST" skipped="0">
  <testcase classname="smoke_Suite.ALC_258" name="createdata" time="31.517"/>
  <testcase classname="smoke_Suite.ALC_258" name="checkalchemy" time="29.146"/>
  <testcase classname="smoke_Suite.ALC_258" name="dotransactions" time="156.649"/>
  <testcase classname="smoke_Suite.ALC_258" name="selltoprocessor" time="178.399"/>
  <testcase classname="smoke_Suite.ALC_258" name="verifytransactions" time="63.939"/>
</testsuite> <!-- smoke_Suite.ALC_258 -->
