<?xml version="1.0" encoding="UTF-8"?>
<!-- Generated by org.testng.reporters.JUnitReportReporter -->
<testsuite hostname="DESKTOP-73VT5SL" failures="0" tests="3" name="smoke_Suite.ALC_4354" time="143.274" errors="0" timestamp="2024-01-04T16:19:40 IST" skipped="0">
  <testcase classname="smoke_Suite.ALC_4354" name="createProcessor" time="83.854"/>
  <testcase classname="smoke_Suite.ALC_4354" name="seacrchAndEditProcessorInAlchmey" time="24.581"/>
  <testcase classname="smoke_Suite.ALC_4354" name="VerifyInApp" time="34.839"/>
</testsuite> <!-- smoke_Suite.ALC_4354 -->
