<?xml version="1.0" encoding="UTF-8"?>
<!-- Generated by org.testng.reporters.JUnitReportReporter -->
<testsuite hostname="DESKTOP-73VT5SL" failures="0" tests="3" name="smoke_Suite.ALC_4361" time="293.713" errors="0" timestamp="2024-04-11T14:50:22 IST" skipped="0">
  <testcase classname="smoke_Suite.ALC_4361" name="createdata" time="24.399"/>
  <testcase classname="smoke_Suite.ALC_4361" name="doTransactions" time="116.194"/>
  <testcase classname="smoke_Suite.ALC_4361" name="verifyNoBonusForDonations" time="153.120"/>
</testsuite> <!-- smoke_Suite.ALC_4361 -->
