<?xml version="1.0" encoding="UTF-8"?>
<!-- Generated by org.testng.reporters.JUnitReportReporter -->
<testsuite hostname="DESKTOP-73VT5SL" failures="0" tests="5" name="smoke_Suite.ALC_349" time="142.740" errors="0" timestamp="2024-01-04T12:17:10 IST" skipped="0">
  <testcase classname="smoke_Suite.ALC_349" name="createstore" time="8.194"/>
  <testcase classname="smoke_Suite.ALC_349" name="sendtokenstobranch" time="13.165"/>
  <testcase classname="smoke_Suite.ALC_349" name="verifytokensinapp" time="33.194"/>
  <testcase classname="smoke_Suite.ALC_349" name="reclaimtokens" time="48.734"/>
  <testcase classname="smoke_Suite.ALC_349" name="verifytokensnotinapp" time="39.453"/>
</testsuite> <!-- smoke_Suite.ALC_349 -->
