<?xml version="1.0" encoding="UTF-8"?>
<!-- Generated by org.testng.reporters.JUnitReportReporter -->
<testsuite hostname="DESKTOP-73VT5SL" failures="0" tests="5" name="smoke_Suite.ALC_348" time="137.678" errors="0" timestamp="2024-06-05T14:10:00 IST" skipped="0">
  <testcase classname="smoke_Suite.ALC_348" name="createbranch" time="10.404"/>
  <testcase classname="smoke_Suite.ALC_348" name="sendtokenstobranch" time="30.616"/>
  <testcase classname="smoke_Suite.ALC_348" name="verifytokensinapp" time="46.233"/>
  <testcase classname="smoke_Suite.ALC_348" name="reclaimtokens" time="2.727"/>
  <testcase classname="smoke_Suite.ALC_348" name="verifytokensnotinapp" time="47.698"/>
</testsuite> <!-- smoke_Suite.ALC_348 -->
