<?xml version="1.0" encoding="UTF-8"?>
<!-- Generated by org.testng.reporters.JUnitReportReporter -->
<testsuite hostname="DESKTOP-73VT5SL" failures="0" tests="2" name="smoke_Suite.ALC_4348" time="353.235" errors="0" timestamp="2024-01-05T14:49:38 IST" skipped="0">
  <testcase classname="smoke_Suite.ALC_4348" name="verifyUserCanNot" time="152.222"/>
  <testcase classname="smoke_Suite.ALC_4348" name="verifyUserCanAfter3Min" time="201.013"/>
</testsuite> <!-- smoke_Suite.ALC_4348 -->
