<?xml version="1.0" encoding="UTF-8"?>
<!-- Generated by org.testng.reporters.JUnitReportReporter -->
<testsuite hostname="DESKTOP-73VT5SL" failures="0" tests="31" name="smoke_Suite.ALC_4864" time="739.337" errors="0" timestamp="2024-01-11T16:38:11 IST" skipped="0">
  <testcase classname="smoke_Suite.ALC_4864" name="step5" time="224.171"/>
  <testcase classname="smoke_Suite.ALC_4864" name="createdata" time="7.608"/>
  <testcase classname="smoke_Suite.ALC_4864" name="step1" time="31.980"/>
  <testcase classname="smoke_Suite.ALC_4864" name="step2" time="44.462"/>
  <testcase classname="smoke_Suite.ALC_4864" name="step3" time="6.370"/>
  <testcase classname="smoke_Suite.ALC_4864" name="step4" time="14.027"/>
  <testcase classname="smoke_Suite.ALC_4864" name="step6" time="13.410"/>
  <testcase classname="smoke_Suite.ALC_4864" name="step7" time="2.666"/>
  <testcase classname="smoke_Suite.ALC_4864" name="step8" time="4.636"/>
  <testcase classname="smoke_Suite.ALC_4864" name="step9" time="14.067"/>
  <testcase classname="smoke_Suite.ALC_4864" name="step10" time="5.500"/>
  <testcase classname="smoke_Suite.ALC_4864" name="step11" time="2.482"/>
  <testcase classname="smoke_Suite.ALC_4864" name="step12" time="2.487"/>
  <testcase classname="smoke_Suite.ALC_4864" name="step13" time="3.907"/>
  <testcase classname="smoke_Suite.ALC_4864" name="step14" time="7.448"/>
  <testcase classname="smoke_Suite.ALC_4864" name="step15" time="5.672"/>
  <testcase classname="smoke_Suite.ALC_4864" name="step16" time="13.865"/>
  <testcase classname="smoke_Suite.ALC_4864" name="step17" time="13.843"/>
  <testcase classname="smoke_Suite.ALC_4864" name="step18" time="3.076"/>
  <testcase classname="smoke_Suite.ALC_4864" name="step19" time="33.525"/>
  <testcase classname="smoke_Suite.ALC_4864" name="step20" time="2.542"/>
  <testcase classname="smoke_Suite.ALC_4864" name="step21" time="29.823"/>
  <testcase classname="smoke_Suite.ALC_4864" name="step23" time="9.407"/>
  <testcase classname="smoke_Suite.ALC_4864" name="step24" time="2.026"/>
  <testcase classname="smoke_Suite.ALC_4864" name="step25" time="4.421"/>
  <testcase classname="smoke_Suite.ALC_4864" name="step26" time="11.407"/>
  <testcase classname="smoke_Suite.ALC_4864" name="createtestdata" time="73.483"/>
  <testcase classname="smoke_Suite.ALC_4864" name="step27" time="24.240"/>
  <testcase classname="smoke_Suite.ALC_4864" name="step28" time="4.703"/>
  <testcase classname="smoke_Suite.ALC_4864" name="step29" time="66.035"/>
  <testcase classname="smoke_Suite.ALC_4864" name="step30" time="56.048"/>
</testsuite> <!-- smoke_Suite.ALC_4864 -->
