<?xml version="1.0" encoding="UTF-8"?>
<!-- Generated by org.testng.reporters.JUnitReportReporter -->
<testsuite hostname="DESKTOP-73VT5SL" failures="0" tests="4" name="smoke_Suite.ALC_3609" time="129.133" errors="0" timestamp="2024-03-01T16:09:51 IST" skipped="0">
  <testcase classname="smoke_Suite.ALC_3609" name="preconditions" time="47.032"/>
  <testcase classname="smoke_Suite.ALC_3609" name="gojekTransaction" time="30.105"/>
  <testcase classname="smoke_Suite.ALC_3609" name="verifyTokensInApp" time="36.210"/>
  <testcase classname="smoke_Suite.ALC_3609" name="verifyTokensInAlchemy" time="15.786"/>
</testsuite> <!-- smoke_Suite.ALC_3609 -->
