<?xml version="1.0" encoding="UTF-8"?>
<!-- Generated by org.testng.reporters.JUnitReportReporter -->
<testsuite hostname="DESKTOP-73VT5SL" failures="0" tests="2" name="smoke_Suite.ALC_4355" time="62.925" errors="0" timestamp="2024-01-09T15:19:52 IST" skipped="0">
  <testcase classname="smoke_Suite.ALC_4355" name="createBonus" time="58.501"/>
  <testcase classname="smoke_Suite.ALC_4355" name="editbonus" time="4.424"/>
</testsuite> <!-- smoke_Suite.ALC_4355 -->
