<?xml version="1.0" encoding="UTF-8"?>
<!-- Generated by org.testng.reporters.JUnitReportReporter -->
<testsuite hostname="DESKTOP-73VT5SL" failures="0" tests="1" name="smoke_Suite.ALC_4349" time="31.701" errors="0" timestamp="2024-01-05T15:21:54 IST" skipped="0">
  <testcase classname="smoke_Suite.ALC_4349" name="verifypasswordcriteria" time="31.701"/>
</testsuite> <!-- smoke_Suite.ALC_4349 -->
