<?xml version="1.0" encoding="UTF-8"?>
<!-- Generated by org.testng.reporters.JUnitReportReporter -->
<testsuite hostname="DESKTOP-73VT5SL" failures="0" tests="2" name="smoke_Suite.ALC_4365" time="307.682" errors="0" timestamp="2024-04-11T15:15:59 IST" skipped="0">
  <testcase classname="smoke_Suite.ALC_4365" name="createNewBonusAndSuspendedBonus" time="179.385"/>
  <testcase classname="smoke_Suite.ALC_4365" name="verifyTransactionStoppedBonus" time="128.297"/>
</testsuite> <!-- smoke_Suite.ALC_4365 -->
