<?xml version="1.0" encoding="UTF-8"?>
<!-- Generated by org.testng.reporters.JUnitReportReporter -->
<testsuite hostname="DESKTOP-73VT5SL" failures="0" tests="2" name="smoke_Suite.ALC_4366" time="350.299" errors="0" timestamp="2024-04-11T16:09:34 IST" skipped="0">
  <testcase classname="smoke_Suite.ALC_4366" name="tokenTransferAndVerifyInOrdersData" time="296.871"/>
  <testcase classname="smoke_Suite.ALC_4366" name="verifyTransferTokenOnApp" time="53.428"/>
</testsuite> <!-- smoke_Suite.ALC_4366 -->
